{"name": "测试注册正常流程， 注册成功", "status": "failed", "statusDetails": {"message": "AssertionError: assert 1 == 2", "trace": "self = <cases.test_register.TestRegister object at 0x0000017178519760>\n\n    def test_register_success(self):\n        \"\"\"测试注册正常流程， 注册成功\"\"\"\n        self.register.fill_username(str(uuid.uuid4())[:8])\n        self.register.fill_password('aa123456')\n        self.register.click_register_button()\n        expect(self.register.page).to_have_title(\"首页\")\n        expect(self.register.page).to_have_url(\"/index.html\")\n>       assert 1 == 2\nE       assert 1 == 2\n\ncases\\test_register.py:95: AssertionError"}, "description": "测试注册正常流程， 注册成功", "steps": [{"name": "输入用户名:484c2f96", "status": "passed", "start": 1713511666868, "stop": 1713511666957}, {"name": "输入密码:aa123456", "status": "passed", "start": 1713511666957, "stop": 1713511667016}, {"name": "点注册按钮", "status": "passed", "start": 1713511667016, "stop": 1713511667109}], "attachments": [{"name": "stdout", "source": "db1c5843-8863-49b9-855d-1a18210b46ab-attachment.txt", "type": "text/plain"}], "parameters": [{"name": "browser_name", "value": "'chromium'"}], "start": 1713511666867, "stop": 1713511667562, "uuid": "8be2764e-ee6a-44fe-94cb-b8f5f3122df4", "historyId": "4ec87043b5324dbfadc58766e04117c0", "testCaseId": "c7af9739f7f2f9ae75345b2bb9eb4f50", "fullName": "cases.test_register.TestRegister#test_register_success", "labels": [{"name": "feature", "value": "注册功能"}, {"name": "parentSuite", "value": "cases"}, {"name": "suite", "value": "test_register"}, {"name": "subSuite", "value": "TestRegister"}, {"name": "host", "value": "DESKTOP-HJ487C8"}, {"name": "thread", "value": "15308-MainThread"}, {"name": "framework", "value": "pytest"}, {"name": "language", "value": "cpython3"}, {"name": "package", "value": "cases.test_register"}]}