{"name": "测试注册正常流程， 注册成功", "status": "failed", "statusDetails": {"message": "AssertionError: assert 1 == 2", "trace": "self = <cases.test_register.TestRegister object at 0x000001552EAAB3D0>\n\n    def test_register_success(self):\n        \"\"\"测试注册正常流程， 注册成功\"\"\"\n        self.register.fill_username(str(uuid.uuid4())[:8])\n        self.register.fill_password('aa123456')\n        self.register.click_register_button()\n        expect(self.register.page).to_have_title(\"首页\")\n        expect(self.register.page).to_have_url(\"/index.html\")\n>       assert 1 == 2\nE       assert 1 == 2\n\ncases\\test_register.py:95: AssertionError"}, "description": "测试注册正常流程， 注册成功", "steps": [{"name": "输入用户名:595dd56e", "status": "passed", "start": 1713512340129, "stop": 1713512340208}, {"name": "输入密码:aa123456", "status": "passed", "start": 1713512340208, "stop": 1713512340274}, {"name": "点注册按钮", "status": "passed", "start": 1713512340275, "stop": 1713512340356}], "attachments": [{"name": "stdout", "source": "bef7cbf1-80a0-4324-b339-5de63e4135ba-attachment.txt", "type": "text/plain"}], "parameters": [{"name": "browser_name", "value": "'chromium'"}], "start": 1713512340129, "stop": 1713512340773, "uuid": "3daf1616-dceb-4648-829d-63de98bc2c63", "historyId": "4ec87043b5324dbfadc58766e04117c0", "testCaseId": "c7af9739f7f2f9ae75345b2bb9eb4f50", "fullName": "cases.test_register.TestRegister#test_register_success", "labels": [{"name": "feature", "value": "注册功能"}, {"name": "parentSuite", "value": "cases"}, {"name": "suite", "value": "test_register"}, {"name": "subSuite", "value": "TestRegister"}, {"name": "host", "value": "DESKTOP-HJ487C8"}, {"name": "thread", "value": "6708-MainThread"}, {"name": "framework", "value": "pytest"}, {"name": "language", "value": "cpython3"}, {"name": "package", "value": "cases.test_register"}]}