{"name": "添加模块-模块名称添加成功", "status": "failed", "statusDetails": {"message": "AssertionError: assert 1 == 2", "trace": "self = <cases.test_add_module.TestAddModule object at 0x000001552EA7AD00>\n\n    def test_add_module_success(self):\n        \"\"\"添加模块-模块名称添加成功\"\"\"\n        self.add_module.fill_module_name(\"testx\")\n        self.add_module.select_module_by_value(\"test\")\n        self.add_module.fill_module_desc(\"xxx\")\n        # mock 200 成功数据\n        self.add_module.page.route(**mock_api.mock_add_module_200)\n    \n        # 断言跳转到项目列表页\n        with self.add_module.page.expect_navigation(url=\"**/list_module.html\"):\n            # 保存成功后，重定向到列表页\n            self.add_module.click_save_module()\n>       assert 1 == 2\nE       assert 1 == 2\n\ncases\\test_add_module.py:57: AssertionError"}, "description": "添加模块-模块名称添加成功", "attachments": [{"name": "stdout", "source": "18c17eea-e5f3-4f36-b768-44f4130dbe21-attachment.txt", "type": "text/plain"}], "parameters": [{"name": "browser_name", "value": "'chromium'"}], "start": 1713512272610, "stop": 1713512276884, "uuid": "cd62838f-1263-4a64-916f-5bdb83a77411", "historyId": "6a9e8dedbd22f899360aee50b7fb0fde", "testCaseId": "28a261873eb2f5911658a58d2b03220d", "fullName": "cases.test_add_module.TestAddModule#test_add_module_success", "labels": [{"name": "feature", "value": "添加模块"}, {"name": "parentSuite", "value": "cases"}, {"name": "suite", "value": "test_add_module"}, {"name": "subSuite", "value": "TestAddModule"}, {"name": "host", "value": "DESKTOP-HJ487C8"}, {"name": "thread", "value": "6708-MainThread"}, {"name": "framework", "value": "pytest"}, {"name": "language", "value": "cpython3"}, {"name": "package", "value": "cases.test_add_module"}]}